<?xml version="1.0" encoding="UTF-8"?>
<!-- Generated by org.testng.reporters.JUnitReportReporter -->
<testsuite skipped="0" hostname="DESKTOP-M85M4JA" name="RESTAssured.AddPlaceClass" tests="1" failures="0" timestamp="03 May 2020 17:26:44 GMT" time="14.893" errors="0">
  <testcase name="ADDplace" time="14.893" classname="RESTAssured.AddPlaceClass"/>
</testsuite> <!-- RESTAssured.AddPlaceClass -->
