<?xml version="1.0" encoding="UTF-8"?>
<!-- Generated by org.testng.reporters.JUnitReportReporter -->
<testsuite skipped="0" hostname="DESKTOP-M85M4JA" name="RESTAssured.JsonBodyDemoClass" tests="1" failures="0" timestamp="13 May 2020 18:22:13 GMT" time="0.502" errors="0">
  <testcase name="OperationsOnJsonOutput" time="0.502" classname="RESTAssured.JsonBodyDemoClass"/>
</testsuite> <!-- RESTAssured.JsonBodyDemoClass -->
