<?xml version="1.0" encoding="UTF-8"?>
<!-- Generated by org.testng.reporters.JUnitReportReporter -->
<testsuite skipped="0" hostname="DESKTOP-M85M4JA" name="RESTAssured.AddPlaceWithDataFromExternalSource" tests="1" failures="0" timestamp="13 May 2020 18:22:13 GMT" time="1.276" errors="0">
  <testcase name="orange" time="1.276" classname="RESTAssured.AddPlaceWithDataFromExternalSource"/>
</testsuite> <!-- RESTAssured.AddPlaceWithDataFromExternalSource -->
