<?xml version="1.0" encoding="UTF-8"?>
<!-- Generated by org.testng.reporters.JUnitReportReporter -->
<testsuite skipped="0" hostname="DESKTOP-M85M4JA" name="lol.Fedg.firstClass" tests="1" failures="0" timestamp="13 May 2020 18:22:13 GMT" time="48.858" errors="0">
  <testcase name="abc" time="48.858" classname="lol.Fedg.firstClass"/>
</testsuite> <!-- lol.Fedg.firstClass -->
