<?xml version="1.0" encoding="UTF-8"?>
<!-- Generated by org.testng.reporters.JUnitReportReporter -->
<testsuite skipped="0" hostname="DESKTOP-M85M4JA" name="lol.Fedg.firstClass" tests="1" failures="0" timestamp="03 May 2020 17:26:44 GMT" time="25.084" errors="0">
  <testcase name="abc" time="25.084" classname="lol.Fedg.firstClass"/>
</testsuite> <!-- lol.Fedg.firstClass -->
