<?xml version="1.0" encoding="UTF-8"?>
<!-- Generated by org.testng.reporters.JUnitReportReporter -->
<testsuite skipped="0" hostname="DESKTOP-M85M4JA" name="RESTAssured.AddPlaceClass" tests="1" failures="0" timestamp="13 May 2020 18:22:13 GMT" time="10.533" errors="0">
  <testcase name="ADDplace" time="10.533" classname="RESTAssured.AddPlaceClass"/>
</testsuite> <!-- RESTAssured.AddPlaceClass -->
