<?xml version="1.0" encoding="UTF-8"?>
<!-- Generated by org.testng.reporters.JUnitReportReporter -->
<testsuite skipped="0" hostname="DESKTOP-M85M4JA" name="RESTAssured.JsonBodyDemoClass" tests="1" failures="0" timestamp="03 May 2020 17:26:44 GMT" time="0.527" errors="0">
  <testcase name="OperationsOnJsonOutput" time="0.527" classname="RESTAssured.JsonBodyDemoClass"/>
</testsuite> <!-- RESTAssured.JsonBodyDemoClass -->
